<?xml version="1.0" encoding="UTF-8"?>
<!-- Generated by org.testng.reporters.JUnitReportReporter -->
<testsuite skipped="0" hostname="ASHU-PC" name="qaclickacademy.SeleniumTest" tests="2" failures="0" timestamp="26 Jul 2020 14:03:17 GMT" time="0.006" errors="0">
  <testcase name="BrowserAUtomation" time="0.006" classname="qaclickacademy.SeleniumTest"/>
  <testcase name="elementsUi" time="0.000" classname="qaclickacademy.SeleniumTest"/>
</testsuite> <!-- qaclickacademy.SeleniumTest -->
